<?xml version="1.0" encoding="UTF-8"?>
<!-- Generated by org.testng.reporters.JUnitReportReporter -->
<testsuite hostname="Manishs-MacBook-Pro.local" failures="0" tests="4" name="com.mphasis.testng.TestNgDemo.TestClass1" time="0.017" errors="0" timestamp="2022-03-04T12:56:11 IST" skipped="0">
  <testcase classname="com.mphasis.testng.TestNgDemo.TestClass1" name="method2" time="0.002"/>
  <system-out/>
  <testcase classname="com.mphasis.testng.TestNgDemo.TestClass1" name="method1" time="0.008"/>
  <system-out/>
  <testcase classname="com.mphasis.testng.TestNgDemo.TestClass1" name="method1" time="0.001"/>
  <system-out/>
  <testcase classname="com.mphasis.testng.TestNgDemo.TestClass1" name="method2" time="0.006"/>
  <system-out/>
</testsuite> <!-- com.mphasis.testng.TestNgDemo.TestClass1 -->
