<?xml version="1.0" encoding="UTF-8"?>
<!-- Generated by org.testng.reporters.JUnitReportReporter -->
<testsuite hostname="Manishs-MacBook-Pro.local" failures="0" tests="2" name="com.mphasis.testng.TestNgDemo.ReporterOutputDemo" time="0.011" errors="0" timestamp="2022-03-07T12:07:20 IST" skipped="0">
  <testcase classname="com.mphasis.testng.TestNgDemo.ReporterOutputDemo" name="testRegistrationShouldBeSuccessful" time="0.002"/>
  <system-out>
Opening Registration Page Registration successful  </system-out>
  <testcase classname="com.mphasis.testng.TestNgDemo.ReporterOutputDemo" name="testLoginShouldBeSuccessful" time="0.009"/>
  <system-out>
Opening Login Page Login successful  </system-out>
</testsuite> <!-- com.mphasis.testng.TestNgDemo.ReporterOutputDemo -->
