<?xml version="1.0" encoding="UTF-8"?>
<!-- Generated by org.testng.reporters.JUnitReportReporter -->
<testsuite hostname="Manishs-MacBook-Pro.local" failures="0" tests="1" name="com.mphasis.testng.TestNgDemo.GroupsTestDemo2" time="0.008" errors="0" timestamp="2022-03-07T09:49:46 IST" skipped="0">
  <testcase classname="com.mphasis.testng.TestNgDemo.GroupsTestDemo2" name="frontEndInGropus2" time="0.008"/>
  <system-out/>
</testsuite> <!-- com.mphasis.testng.TestNgDemo.GroupsTestDemo2 -->
