<?xml version="1.0" encoding="UTF-8"?>
<!-- Generated by org.testng.reporters.JUnitReportReporter -->
<testsuite hostname="Manishs-MacBook-Pro.local" failures="0" tests="2" name="com.mphasis.testng.TestNgDemo.ParallelTestDemo" time="19.666" errors="0" timestamp="2022-03-07T11:34:04 IST" skipped="0">
  <testcase classname="com.mphasis.testng.TestNgDemo.ParallelTestDemo" name="testOpening2" time="9.556"/>
  <system-out/>
  <testcase classname="com.mphasis.testng.TestNgDemo.ParallelTestDemo" name="testOpening1" time="10.110"/>
  <system-out/>
</testsuite> <!-- com.mphasis.testng.TestNgDemo.ParallelTestDemo -->
