<?xml version="1.0" encoding="UTF-8"?>
<!-- Generated by org.testng.reporters.JUnitReportReporter -->
<testsuite hostname="Manishs-MacBook-Pro.local" failures="0" tests="2" name="com.mphasis.testng.TestNgDemo.TestClass2" time="0.011" errors="0" timestamp="2022-03-04T12:56:11 IST" skipped="0">
  <testcase classname="com.mphasis.testng.TestNgDemo.TestClass2" name="method3" time="0.005"/>
  <system-out/>
  <testcase classname="com.mphasis.testng.TestNgDemo.TestClass2" name="method4" time="0.006"/>
  <system-out/>
</testsuite> <!-- com.mphasis.testng.TestNgDemo.TestClass2 -->
