<?xml version="1.0" encoding="UTF-8"?>
<!-- Generated by org.testng.reporters.JUnitReportReporter -->
<testsuite hostname="Manishs-MacBook-Pro.local" failures="0" tests="4" name="com.mphasis.testng.TestNgDemo.DataProvidersDemo" time="0.009" errors="0" timestamp="2022-03-07T10:34:44 IST" skipped="0">
  <testcase classname="com.mphasis.testng.TestNgDemo.DataProvidersDemo" name="validateLogin" time="0.005"/>
  <system-out/>
  <testcase classname="com.mphasis.testng.TestNgDemo.DataProvidersDemo" name="validateLogin" time="0.002"/>
  <system-out/>
  <testcase classname="com.mphasis.testng.TestNgDemo.DataProvidersDemo" name="validateLogin" time="0.001"/>
  <system-out/>
  <testcase classname="com.mphasis.testng.TestNgDemo.DataProvidersDemo" name="validateLogin" time="0.001"/>
  <system-out/>
</testsuite> <!-- com.mphasis.testng.TestNgDemo.DataProvidersDemo -->
