<?xml version="1.0" encoding="UTF-8"?>
<!-- Generated by org.testng.reporters.JUnitReportReporter -->
<testsuite hostname="Manishs-MacBook-Pro.local" failures="0" tests="2" name="com.mphasis.testng.TestNgDemo.AbstractTestNgDemo" time="0.007" errors="0" timestamp="2022-03-04T12:49:42 IST" skipped="0">
  <testcase classname="com.mphasis.testng.TestNgDemo.AbstractTestNgDemo" name="f" time="0.005"/>
  <system-out/>
  <testcase classname="com.mphasis.testng.TestNgDemo.AbstractTestNgDemo" name="f1" time="0.002"/>
  <system-out/>
</testsuite> <!-- com.mphasis.testng.TestNgDemo.AbstractTestNgDemo -->
