<?xml version="1.0" encoding="UTF-8"?>
<!-- Generated by org.testng.reporters.JUnitReportReporter -->
<testsuite hostname="Manishs-MacBook-Pro.local" failures="0" tests="1" name="com.mphasis.testng.TestNgDemo.PassParametersDemo" time="0.009" errors="0" timestamp="2022-03-07T10:24:56 IST" skipped="0">
  <testcase classname="com.mphasis.testng.TestNgDemo.PassParametersDemo" name="add" time="0.009"/>
  <system-out/>
</testsuite> <!-- com.mphasis.testng.TestNgDemo.PassParametersDemo -->
