<?xml version="1.0" encoding="UTF-8"?>
<!-- Generated by org.testng.reporters.JUnitReportReporter -->
<testsuite hostname="Manishs-MacBook-Pro.local" failures="0" tests="2" name="com.mphasis.testng.TestNgDemo.PriorityTestDemo" time="0.007" errors="0" timestamp="2022-03-07T09:38:44 IST" skipped="1">
  <testcase classname="com.mphasis.testng.TestNgDemo.PriorityTestDemo" name="a" time="0.007"/>
  <system-out/>
  <testcase classname="com.mphasis.testng.TestNgDemo.PriorityTestDemo" name="b">
    <skipped/>
  </testcase> <!-- b -->
  <system-out/>
</testsuite> <!-- com.mphasis.testng.TestNgDemo.PriorityTestDemo -->
