<?xml version="1.0" encoding="UTF-8"?>
<!-- Generated by org.testng.reporters.JUnitReportReporter -->
<testsuite hostname="Manishs-MacBook-Pro.local" failures="0" tests="1" name="com.mphasis.testng.TestNgDemo.AssignemtTestDemo" time="56.995" errors="0" timestamp="2022-03-07T13:09:07 IST" skipped="0">
  <testcase classname="com.mphasis.testng.TestNgDemo.AssignemtTestDemo" name="testOpeningSelenuimHoverLink" time="56.995"/>
  <system-out/>
</testsuite> <!-- com.mphasis.testng.TestNgDemo.AssignemtTestDemo -->
