<?xml version="1.0" encoding="UTF-8"?>
<!-- Generated by org.testng.reporters.JUnitReportReporter -->
<testsuite hostname="Manishs-MacBook-Pro.local" failures="0" tests="1" name="com.mphasis.testng.TestNgDemo.GroupsTestDemo" time="0.007" errors="0" timestamp="2022-03-07T09:54:52 IST" skipped="0">
  <testcase classname="com.mphasis.testng.TestNgDemo.GroupsTestDemo" name="a2" time="0.007"/>
  <system-out/>
</testsuite> <!-- com.mphasis.testng.TestNgDemo.GroupsTestDemo -->
