<?xml version="1.0" encoding="UTF-8"?>
<!-- Generated by org.testng.reporters.JUnitReportReporter -->
<testsuite hostname="Manishs-MacBook-Pro.local" failures="0" tests="1" name="com.mphasis.selenium.SeleniumDemo.TestLocatorByLinkText" time="17.324" errors="0" timestamp="2022-03-02T12:54:51 IST" skipped="0">
  <testcase classname="com.mphasis.selenium.SeleniumDemo.TestLocatorByLinkText" name="testByLinkTextStrategy" time="17.324"/>
  <system-out/>
</testsuite> <!-- com.mphasis.selenium.SeleniumDemo.TestLocatorByLinkText -->
